# JRE version: OpenJDK Runtime Environment (17.0.7) (build 17.0.7+0-b2043.56-10550314)
# Java VM: OpenJDK 64-Bit Server VM (17.0.7+0-b2043.56-10550314, mixed mode, tiered, compressed oops, compressed class ptrs, g1 gc, windows-amd64)
GC Precious Log:
 CPUs: 16 total, 16 available
 Memory: 15774M
 Large Page Support: Disabled
 NUMA Support: Disabled
 Compressed Oops: Enabled (32-bit)
 Heap Region Size: 1M
 Heap Min Capacity: 8M
 Heap Initial Capacity: 248M
 Heap Max Capacity: 2G
 Pre-touch: Disabled
 Parallel Workers: 13
 Concurrent Workers: 3
 Concurrent Refinement Workers: 13
 Periodic GC: Disabled
Heap:
 garbage-first heap   total 202752K, used 90081K [0x0000000080000000, 0x0000000100000000)
  region size 1024K, 3 young (3072K), 3 survivors (3072K)
 Metaspace       used 97135K, committed 97856K, reserved 1179648K
  class space    used 13241K, committed 13568K, reserved 1048576K
GC Heap History (20 events):
Event: 8.154 GC heap after
{Heap after GC invocations=44 (full 0):
 garbage-first heap   total 112640K, used 63834K [0x0000000080000000, 0x0000000100000000)
  region size 1024K, 4 young (4096K), 4 survivors (4096K)
 Metaspace       used 82141K, committed 82752K, reserved 1179648K
  class space    used 11128K, committed 11392K, reserved 1048576K
}
Event: 8.440 GC heap before
{Heap before GC invocations=45 (full 0):
 garbage-first heap   total 114688K, used 92506K [0x0000000080000000, 0x0000000100000000)
  region size 1024K, 32 young (32768K), 4 survivors (4096K)
 Metaspace       used 84803K, committed 85440K, reserved 1179648K
  class space    used 11516K, committed 11776K, reserved 1048576K
}
Event: 8.442 GC heap after
{Heap after GC invocations=46 (full 0):
 garbage-first heap   total 138240K, used 65472K [0x0000000080000000, 0x0000000100000000)
  region size 1024K, 4 young (4096K), 4 survivors (4096K)
 Metaspace       used 84803K, committed 85440K, reserved 1179648K
  class space    used 11516K, committed 11776K, reserved 1048576K
}
Event: 8.881 GC heap before
{Heap before GC invocations=46 (full 0):
 garbage-first heap   total 138240K, used 113600K [0x0000000080000000, 0x0000000100000000)
  region size 1024K, 51 young (52224K), 4 survivors (4096K)
 Metaspace       used 88668K, committed 89280K, reserved 1179648K
  class space    used 12130K, committed 12416K, reserved 1048576K
}
Event: 8.884 GC heap after
{Heap after GC invocations=47 (full 0):
 garbage-first heap   total 138240K, used 67978K [0x0000000080000000, 0x0000000100000000)
  region size 1024K, 7 young (7168K), 7 survivors (7168K)
 Metaspace       used 88668K, committed 89280K, reserved 1179648K
  class space    used 12130K, committed 12416K, reserved 1048576K
}
Event: 9.304 GC heap before
{Heap before GC invocations=48 (full 0):
 garbage-first heap   total 138240K, used 113034K [0x0000000080000000, 0x0000000100000000)
  region size 1024K, 51 young (52224K), 7 survivors (7168K)
 Metaspace       used 91882K, committed 92544K, reserved 1179648K
  class space    used 12541K, committed 12864K, reserved 1048576K
}
Event: 9.309 GC heap after
{Heap after GC invocations=49 (full 0):
 garbage-first heap   total 138240K, used 72323K [0x0000000080000000, 0x0000000100000000)
  region size 1024K, 7 young (7168K), 7 survivors (7168K)
 Metaspace       used 91882K, committed 92544K, reserved 1179648K
  class space    used 12541K, committed 12864K, reserved 1048576K
}
Event: 9.595 GC heap before
{Heap before GC invocations=49 (full 0):
 garbage-first heap   total 138240K, used 113283K [0x0000000080000000, 0x0000000100000000)
  region size 1024K, 48 young (49152K), 7 survivors (7168K)
 Metaspace       used 92471K, committed 93056K, reserved 1179648K
  class space    used 12580K, committed 12864K, reserved 1048576K
}
Event: 9.601 GC heap after
{Heap after GC invocations=50 (full 0):
 garbage-first heap   total 138240K, used 79909K [0x0000000080000000, 0x0000000100000000)
  region size 1024K, 6 young (6144K), 6 survivors (6144K)
 Metaspace       used 92471K, committed 93056K, reserved 1179648K
  class space    used 12580K, committed 12864K, reserved 1048576K
}
Event: 9.672 GC heap before
{Heap before GC invocations=51 (full 0):
 garbage-first heap   total 140288K, used 84005K [0x0000000080000000, 0x0000000100000000)
  region size 1024K, 11 young (11264K), 6 survivors (6144K)
 Metaspace       used 92968K, committed 93568K, reserved 1179648K
  class space    used 12628K, committed 12928K, reserved 1048576K
}
Event: 9.676 GC heap after
{Heap after GC invocations=52 (full 0):
 garbage-first heap   total 140288K, used 81653K [0x0000000080000000, 0x0000000100000000)
  region size 1024K, 2 young (2048K), 2 survivors (2048K)
 Metaspace       used 92968K, committed 93568K, reserved 1179648K
  class space    used 12628K, committed 12928K, reserved 1048576K
}
Event: 10.037 GC heap before
{Heap before GC invocations=53 (full 0):
 garbage-first heap   total 150528K, used 111349K [0x0000000080000000, 0x0000000100000000)
  region size 1024K, 27 young (27648K), 2 survivors (2048K)
 Metaspace       used 95715K, committed 96384K, reserved 1179648K
  class space    used 13070K, committed 13376K, reserved 1048576K
}
Event: 10.042 GC heap after
{Heap after GC invocations=54 (full 0):
 garbage-first heap   total 150528K, used 82858K [0x0000000080000000, 0x0000000100000000)
  region size 1024K, 3 young (3072K), 3 survivors (3072K)
 Metaspace       used 95715K, committed 96384K, reserved 1179648K
  class space    used 13070K, committed 13376K, reserved 1048576K
}
Event: 10.203 GC heap before
{Heap before GC invocations=54 (full 0):
 garbage-first heap   total 150528K, used 114602K [0x0000000080000000, 0x0000000100000000)
  region size 1024K, 35 young (35840K), 3 survivors (3072K)
 Metaspace       used 96126K, committed 96896K, reserved 1179648K
  class space    used 13156K, committed 13504K, reserved 1048576K
}
Event: 10.206 GC heap after
{Heap after GC invocations=55 (full 0):
 garbage-first heap   total 150528K, used 85348K [0x0000000080000000, 0x0000000100000000)
  region size 1024K, 5 young (5120K), 5 survivors (5120K)
 Metaspace       used 96126K, committed 96896K, reserved 1179648K
  class space    used 13156K, committed 13504K, reserved 1048576K
}
Event: 10.519 GC heap before
{Heap before GC invocations=56 (full 0):
 garbage-first heap   total 158720K, used 118116K [0x0000000080000000, 0x0000000100000000)
  region size 1024K, 38 young (38912K), 5 survivors (5120K)
 Metaspace       used 96614K, committed 97280K, reserved 1179648K
  class space    used 13201K, committed 13504K, reserved 1048576K
}
Event: 10.524 GC heap after
{Heap after GC invocations=57 (full 0):
 garbage-first heap   total 158720K, used 87911K [0x0000000080000000, 0x0000000100000000)
  region size 1024K, 5 young (5120K), 5 survivors (5120K)
 Metaspace       used 96614K, committed 97280K, reserved 1179648K
  class space    used 13201K, committed 13504K, reserved 1048576K
}
Event: 10.529 GC heap before
{Heap before GC invocations=57 (full 0):
 garbage-first heap   total 158720K, used 88935K [0x0000000080000000, 0x0000000100000000)
  region size 1024K, 7 young (7168K), 5 survivors (5120K)
 Metaspace       used 96625K, committed 97344K, reserved 1179648K
  class space    used 13201K, committed 13504K, reserved 1048576K
}
Event: 10.532 GC heap after
{Heap after GC invocations=58 (full 0):
 garbage-first heap   total 158720K, used 88330K [0x0000000080000000, 0x0000000100000000)
  region size 1024K, 1 young (1024K), 1 survivors (1024K)
 Metaspace       used 96625K, committed 97344K, reserved 1179648K
  class space    used 13201K, committed 13504K, reserved 1048576K
}
Event: 10.775 GC heap before
{Heap before GC invocations=58 (full 0):
 garbage-first heap   total 158720K, used 125194K [0x0000000080000000, 0x0000000100000000)
  region size 1024K, 38 young (38912K), 1 survivors (1024K)
 Metaspace       used 97135K, committed 97856K, reserved 1179648K
  class space    used 13241K, committed 13568K, reserved 1048576K
}

